<?xml version="1.0" encoding="UTF-8"?>
<!-- Generated by org.testng.reporters.JUnitReportReporter -->
<testsuite hostname="BOMMANARAKESH" failures="0" tests="1" name="Test_runner.TestRunner" time="31.487" errors="0" timestamp="2025-09-01T07:53:34 IST" skipped="0">
  <testcase classname="Test_runner.TestRunner" name="runScenario" time="31.487"/>
  <system-out/>
</testsuite> <!-- Test_runner.TestRunner -->
